
    1   -0.0001265547    0.0000873744    0.0000570182   -0.0009518732
    2    0.0001422274   -0.0001412188   -0.0000542525    0.0004241279
    3    0.0021646632   -0.0024568280   -0.0001581848    0.0028482773
    4   -0.0053262526    0.0060711915    0.0005837950   -0.0002692614
    5   -0.0607721861    0.0690081749    0.0051972194   -0.0173857327
    6    0.0013100724   -0.0002458663   -0.0006570940    0.0177586464
    7    0.0036995701   -0.0025997625    0.0001175088    0.0145635823
    8   -0.0089086846    0.0096783342    0.0017615019    0.0073100517
    9   -0.0976633400    0.1003283953    0.0047527709   -0.0258384801
   10   -0.0000621788   -0.0000184514   -0.0000205529   -0.0004842112
   11    0.0000208417   -0.0000237930   -0.0000436849    0.0001880673
   12   -0.0025080694   -0.0022410991   -0.0044246158   -0.0013708177
   13    0.0077317664    0.0066485385    0.0131319842    0.0068254331
   14    0.0849396967    0.0732670941    0.1435383812    0.0739899187
   15    0.0005150122    0.0003115983    0.0003663806    0.0060016396
   16   -0.0034823599   -0.0036535375   -0.0088605375   -0.0068486809
   17    0.0112761272    0.0114323880    0.0253549966    0.0088936592
   18    0.1217259704    0.1259763036    0.2781577084    0.1421249731
   19    0.0000210476   -0.0000237842   -0.0000426346    0.0001333788
   20   -0.0000480007    0.0000224899    0.0000685794    0.0000121649
   21   -0.0022321817    0.0021917276    0.0029713298    0.0008819952
   22    0.0069691273   -0.0068239807   -0.0091276615   -0.0034901671
   23    0.0747234050   -0.0732336490   -0.0981329782   -0.0377699077
   24   -0.0000512077    0.0001771405    0.0000405241   -0.0043959933
   25   -0.0034400374    0.0035650278    0.0052161642   -0.0005682322
   26    0.0109191880   -0.0110062742   -0.0171961545   -0.0071890952
   27    0.1167810789   -0.1175952072   -0.1818509954   -0.0680880246
   28    0.0000048942   -0.0000078017    0.0000538078   -0.0001207934
   29   -0.0000243537    0.0000201894   -0.0000379730    0.0000141128
   30    0.0020601651    0.0021073673    0.0026815556    0.0017807837
   31   -0.0068173610   -0.0068218501   -0.0091172254   -0.0054537098
   32   -0.0730340543   -0.0730349969   -0.0986857036   -0.0576694312
   33    0.0001176469    0.0000178287   -0.0004505972    0.0020574859
   34    0.0033630144    0.0033346957    0.0051612733    0.0046612453
   35   -0.0105987380   -0.0110404104   -0.0171386407   -0.0107244855
   36   -0.1144379273   -0.1171253007   -0.1828463267   -0.1112283858
   37   -0.0000630467    0.0000767007   -0.0000287698   -0.0002730828
   38    0.0001158562   -0.0001265381   -0.0000330807    0.0003025641
   39    0.0025400240   -0.0022374646   -0.0039188562   -0.0012085937
   40   -0.0076961113    0.0065969286    0.0130950896    0.0072431959
   41   -0.0858255168    0.0732695346    0.1433726785    0.0716192579
   42   -0.0004854995    0.0000606490    0.0008804619    0.0003300711
   43    0.0034769003   -0.0035194544   -0.0073567935   -0.0010864287
   44   -0.0113092283    0.0114171689    0.0254517367    0.0129633392
   45   -0.1231111641    0.1259827135    0.2777374454    0.1389095639
   46    0.0001008993   -0.0001592975   -0.0000376112    0.0008985734
   47   -0.0000515214    0.0001648588   -0.0000099727   -0.0007246059
   48   -0.0018810823   -0.0014956380   -0.0002383463   -0.0008537662
   49    0.0052656901    0.0060475690    0.0005828085   -0.0006841466
   50    0.0583401585    0.0686947326    0.0059707230    0.0082142585
   51   -0.0005958725    0.0003028249    0.0006551777   -0.0056995074
   52   -0.0035951050   -0.0024690611    0.0002977614   -0.0041939869
   53    0.0076867427    0.0101264149    0.0021973355    0.0040197336
   54    0.0947893868    0.0995590646    0.0063113546    0.0215585311
   55   -0.0001202167    0.0002351692   -0.0001581449    0.0010890101
   56   -0.0000136281   -0.0000984500    0.0001279886   -0.0007988571
   57   -0.0033552128    0.0026853531    0.0039554859   -0.0001413816
   58    0.0128234983   -0.0116585174   -0.0123026059   -0.0065387020
   59    0.1451277199   -0.1299335077   -0.1386378329   -0.0610869073
   60    0.0022447878   -0.0037357018    0.0003481402   -0.0091528412
   61   -0.0039272780    0.0026750448    0.0061353400   -0.0048893428
   62    0.0186846035   -0.0190209796   -0.0244416050   -0.0138219776
   63    0.2041581815   -0.2164325358   -0.2604183295   -0.1308886993
   64   -0.0002702351    0.0001993668    0.0001155529   -0.0018320787
   65    0.0004971945   -0.0002350327   -0.0001799532    0.0017950559
   66    0.0010965465    0.0014600504   -0.0026048406   -0.0005671787
   67   -0.0025970898   -0.0029502211    0.0080202223    0.0089416372
   68   -0.0221565715   -0.0429960089    0.0964271935    0.0442111808
   69   -0.0006911517   -0.0032074037    0.0001685594    0.0051172210
   70    0.0013830215    0.0000387900   -0.0060590001   -0.0120726392
   71    0.0004513287   -0.0133968327    0.0108578617    0.0111289023
   72   -0.0307771809   -0.0704653325    0.1608553253    0.0905107631
   73    0.0006428119   -0.0007062553   -0.0001655996    0.0056496436
   74   -0.0004845163    0.0004792316    0.0001414400   -0.0040320538
   75   -0.0016328105    0.0020281496   -0.0031510964   -0.0134464594
   76    0.0032675197   -0.0046444139    0.0083317604    0.0000827984
   77    0.0258582837   -0.0437451789    0.0972059064    0.0865522358
   78   -0.0059095561    0.0092325446    0.0014745584   -0.0562338973
   79   -0.0005422255    0.0052067199   -0.0050667067   -0.0230674047
   80    0.0046597116   -0.0136870767    0.0121451832   -0.0077289167
   81    0.0362803382   -0.0713781552    0.1627249329    0.1700598652
   82    0.0000012747   -0.0000158573   -0.0000165665    0.0024124571
   83    0.0000197111   -0.0000128710    0.0000891943   -0.0019724446
   84    0.0050482611    0.0042090556    0.0046555431    0.0004175614
   85   -0.0134826277   -0.0109217901   -0.0123009829   -0.0114910505
   86   -0.1428394690   -0.1300898744   -0.1390535044   -0.0635805129
   87    0.0009111008    0.0018540211    0.0002921352   -0.0195942013
   88    0.0080999964    0.0085673510    0.0094827997    0.0269337004
   89   -0.0188716053   -0.0172482406   -0.0227624202   -0.0163284146
   90   -0.2016223460   -0.2164810844   -0.2610577195   -0.1458337974
   91    0.0005519089   -0.0005701944   -0.0000776421    0.0008135980
   92   -0.0009734293    0.0014103978    0.0001603199    0.0001337705
   93    0.0067599811   -0.0069820958   -0.0000429475    0.0005578164
   94   -0.0089603543    0.0093126040   -0.0001131027   -0.0023570439
   95   -0.1795572457    0.1830294370   -0.0005969870   -0.0586974085
   96    0.0029951845   -0.0068641680   -0.0004238285   -0.0128527023
   97    0.0076794067   -0.0090737794    0.0026243030   -0.0008611460
   98   -0.0171127756    0.0279933596    0.0032541158    0.0199822107
   99   -0.2536937022    0.3093859213   -0.0008689699   -0.1100697556
  100   -0.0001273497    0.0003409790    0.0000552823    0.0018063911
  101    0.0001622734   -0.0003156324    0.0000591351   -0.0013766892
  102    0.0001294159    0.0020846986    0.0040041877   -0.0021376756
  103   -0.0038995597   -0.0025675559   -0.0079431941   -0.0012748498
  104   -0.0218513879   -0.0435393705   -0.0956760783    0.0463634340
  105    0.0016778532   -0.0052637941   -0.0013718142   -0.0169444412
  106    0.0013377742    0.0057599517    0.0086623944    0.0102131743
  107   -0.0025640242   -0.0097745409   -0.0119051178   -0.0121800007
  108   -0.0303168731   -0.0710931355   -0.1596472025    0.0960254302
  109   -0.0000736676   -0.0004281091    0.0001975678   -0.0055374180
  110    0.0001711424    0.0003681006   -0.0002098646    0.0032787832
  111   -0.0018766648    0.0015477045    0.0031252602   -0.0126344870
  112    0.0052927860   -0.0056704986   -0.0087641807    0.0172464690
  113    0.0256684231   -0.0438472403   -0.0961038279    0.0852578543
  114   -0.0015226351    0.0048759038   -0.0006520400    0.0704868589
  115   -0.0062917607   -0.0011781943    0.0046945176   -0.0466159112
  116    0.0067884894   -0.0125527251   -0.0129408489    0.0263389861
  117    0.0357941748   -0.0722033871   -0.1603320626    0.1659110521
  118    0.0004341554    0.0004149981   -0.0000244501   -0.0003394515
  119   -0.0004833634   -0.0008558234    0.0000641669    0.0003428688
  120   -0.0052320429   -0.0060284249    0.0005532906    0.0019957556
  121    0.0149735127    0.0153865889   -0.0001135937   -0.0024763413
  122    0.1753909632    0.1835941601   -0.0005605378   -0.0426911394
  123   -0.0023592125    0.0049152182    0.0000796632    0.0006649264
  124   -0.0089793229   -0.0105087463   -0.0008574446   -0.0384281602
  125    0.0237773301    0.0376143825    0.0001520254    0.0133198786
  126    0.2470732531    0.3091905301   -0.0012521788   -0.0895379631
  127   -0.0002740879    0.0002403803    0.0000667789   -0.0012694548
  128    0.0001986345   -0.0000588193    0.0000359296    0.0014941919
  129   -0.0060518493    0.0052759132   -0.0049118199   -0.0003730302
  130    0.0134683615   -0.0119928510    0.0127239300   -0.0041038107
  131    0.1446807087   -0.1294385825    0.1379941857   -0.0623653522
  132    0.0015330406   -0.0039670122   -0.0016392026   -0.0027292222
  133   -0.0076037145    0.0087655838   -0.0086706104    0.0062070181
  134    0.0182804027   -0.0199634035    0.0227597928   -0.0132016674
  135    0.2037342831   -0.2159658672    0.2593524943   -0.1326296855
  136   -0.0000248276   -0.0000850218    0.0001193956   -0.0008644334
  137    0.0000410384    0.0000330453   -0.0000930459    0.0006180793
  138   -0.0016098477   -0.0025651885    0.0004595654   -0.0004952405
  139    0.0057242391    0.0061511483   -0.0004940717    0.0022169808
  140    0.0581370903    0.0684687444   -0.0055007657    0.0072071726
  141    0.0003847266    0.0012452634   -0.0010419718    0.0066191622
  142   -0.0034017753   -0.0042501028   -0.0003085964   -0.0053955092
  143    0.0098587690    0.0097346227   -0.0007779713    0.0077897703
  144    0.0940992780    0.0996966628   -0.0057669220    0.0197415708
  145   -0.0000202016    0.0000537267   -0.0000005829    0.0010062905
  146    0.0001227623   -0.0000692929    0.0000233873   -0.0001906660
  147    0.0016212143   -0.0018272275    0.0003366085    0.0024027220
  148   -0.0059803714    0.0065595225   -0.0007889807   -0.0026915800
  149   -0.0609464591    0.0693752924   -0.0063555417   -0.0161781877
  150   -0.0014446762   -0.0002182470   -0.0003870764   -0.0220374783
  151    0.0049487250   -0.0020608400    0.0005232802    0.0173296168
  152   -0.0086564753    0.0107254400   -0.0016336961   -0.0054555763
  153   -0.0981075513    0.1003858548   -0.0065802925   -0.0227301009
  154   -0.0003030583    0.0003301142   -0.0001025359   -0.0026093368
  155    0.0000819400   -0.0004292982    0.0001128370    0.0016518175
  156    0.0034367447    0.0039805018   -0.0039221399    0.0000244592
  157   -0.0130669760   -0.0121142313    0.0130547650   -0.0000991913
  158   -0.1436640434   -0.1298661886    0.1387555003   -0.0655927093
  159    0.0046489654    0.0000263398    0.0008094995    0.0343638845
  160    0.0051563995    0.0043322530   -0.0065470590    0.0185412994
  161   -0.0215821052   -0.0217848208    0.0243006589   -0.0177112581
  162   -0.2024010146   -0.2155119062    0.2603309845   -0.1482281548
  163   -0.0000280273    0.0000178957    0.0000191195    0.0001978743
  164    0.0000558241   -0.0000812266    0.0000222241   -0.0003044469
  165    0.0025719214   -0.0021526497    0.0043445386   -0.0017563189
  166   -0.0080572904    0.0068409700   -0.0134414143    0.0063865846
  167   -0.0859735609    0.0733112955   -0.1426221324    0.0727554364
  168    0.0003620546    0.0005507326    0.0000231084    0.0030970763
  169    0.0031090092   -0.0037682336    0.0082195121   -0.0031857123
  170   -0.0117431952    0.0119870756   -0.0254886956    0.0134953363
  171   -0.1231699258    0.1257978115   -0.2761935877    0.1408638341
  172    0.0000135108    0.0000030929   -0.0000389570    0.0002021263
  173   -0.0000272489    0.0000146094    0.0000486011   -0.0000106327
  174    0.0021643561    0.0021277981   -0.0029820095    0.0019669280
  175   -0.0071153139   -0.0070631711    0.0094039935   -0.0053999696
  176   -0.0730635521   -0.0724969963    0.0972531961   -0.0575360401
  177    0.0001126113   -0.0002560059    0.0001223264   -0.0028270007
  178    0.0033461002    0.0035350838   -0.0051848539    0.0054360142
  179   -0.0113287569   -0.0114483268    0.0174603067   -0.0109301764
  180   -0.1144326659   -0.1161568322    0.1801226251   -0.1108095281
  181   -0.0000026702   -0.0000343470    0.0000769950   -0.0001962897
  182   -0.0000179683    0.0000172655   -0.0000737538    0.0000097585
  183   -0.0021567525    0.0020064993   -0.0026437960    0.0007391899
  184    0.0073755791   -0.0071841949    0.0096175452   -0.0037889430
  185    0.0749888005   -0.0736176071    0.0986637687   -0.0393451774
  186    0.0004230940    0.0003270091   -0.0004185020    0.0052437758
  187   -0.0035990268    0.0031677912   -0.0051734625   -0.0010684004
  188    0.0113516926   -0.0116776368    0.0178685387   -0.0063542902
  189    0.1171679674   -0.1182343023    0.1828134009   -0.0712370443
  190    0.0000247092   -0.0000451530    0.0000201336    0.0005128454
  191    0.0000769341    0.0001091061   -0.0000836750   -0.0000791245
  192   -0.0021854900   -0.0021009490    0.0038718712   -0.0009879386
  193    0.0081762130    0.0068880577   -0.0137451245    0.0071333925
  194    0.0851871064    0.0728601783   -0.1426556651    0.0749270726
  195   -0.0015322135   -0.0005741142    0.0001195903   -0.0093963426
  196   -0.0030027262   -0.0032891302    0.0073424775   -0.0048282820
  197    0.0124509908    0.0120070830   -0.0266057300    0.0185416522
  198    0.1221206893    0.1253706088   -0.2764227444    0.1430847109
  199   -0.0003519299    0.0008443237   -0.0000675904   -0.0008824033
  200    0.0006536945   -0.0013888454    0.0003141368    0.0003063079
  201   -0.0016787517    0.0000441657    0.0002035808    0.0008314327
  202    0.0005934489    0.0000411443   -0.0000663497   -0.0007428498
  203    0.0219659927    0.0257584485   -0.0005352432   -0.0369750304
  204   -0.0018373280   -0.0006587590   -0.0023766885   -0.0000341346
  205   -0.0015327132   -0.0006761028   -0.0019646593    0.0039286588
  206   -0.0047069649    0.0159849233    0.0048861731    0.0275828787
  207    0.0367337469    0.0228862286   -0.0014230888   -0.0972734909
  208    0.0007938756   -0.0010896469   -0.0000091439    0.0014993189
  209   -0.0006984891    0.0008569667    0.0002246793   -0.0014215423
  210   -0.0034706854    0.0032001326    0.0009266820   -0.0022988802
  211    0.0058640878   -0.0057697554    0.0000847781    0.0036305927
  212    0.0922663992   -0.0901560806    0.0003137876    0.0593784846
  213   -0.0077254607    0.0166882626    0.0022581819    0.0119408414
  214   -0.0058710023    0.0068768694    0.0023688031   -0.0065967009
  215    0.0059149691   -0.0024738420    0.0042720125    0.0258099690
  216    0.1211546048   -0.1390731024    0.0006861587    0.1212797365
  217    0.0000748447   -0.0001640109   -0.0000012826    0.0002701634
  218   -0.0004483144    0.0010295698   -0.0000948497   -0.0017440028
  219    0.0002079229   -0.0005805598   -0.0001310228    0.0008248920
  220    0.0002701301   -0.0000695564   -0.0001031980   -0.0003592617
  221    0.0013168618    0.0046770534   -0.0001272364   -0.0077975611
  222    0.0001229115   -0.0000779749   -0.0005733284    0.0005945234
  223   -0.0013040076    0.0026072172    0.0005183063   -0.0033540317
  224   -0.0007892130    0.0009372490    0.0002917693    0.0015210477
  225   -0.0028653427   -0.0088503687    0.0003297471    0.0167493890
  226    0.0018174946   -0.0040078693    0.0039484836    0.0196521975
  227    0.0073263627   -0.0098377545   -0.0039661104    0.0040381007
  228    0.0013481480   -0.0026476547    0.0036917424    0.0094294472
  229    0.0293382814   -0.0665686802   -0.0003171081    0.0706738038
  230    0.0032640141   -0.0045200676    0.0000918965    0.0048189357
  231   -0.0006270600    0.0007395438   -0.0000379295   -0.0009426641
  232    0.0085785017   -0.0087142977    0.0001359231    0.0080798276
  233   -0.0061353497    0.0063285008   -0.0001396441   -0.0053242735
  234    0.0054047912   -0.0038964617    0.0000570790    0.0025459089
  235   -0.0279641216    0.0436143289   -0.0008201783   -0.0490413423
  236    0.0240717744   -0.0328086968   -0.0001854368    0.0283551162
  237   -0.0024449373   -0.0006178729    0.0007195364    0.0019839377
  238    0.0058202185   -0.0028453570   -0.0010897254    0.0036745276
  239   -0.0011873627    0.0015532235   -0.0000549021   -0.0016433460
  240    0.0006781815   -0.0006803012   -0.0000608039    0.0005845128
  241   -0.0016320278    0.0006878363   -0.0000460603    0.0004147831
  242    0.0049699815   -0.0054834502    0.0000833304    0.0051229450
  243   -0.0013013242    0.0009519555    0.0000120361   -0.0008088926
  244    0.0095519808   -0.0155861751    0.0011121294    0.0178761712
  245   -0.0033901498    0.0017212575   -0.0004159373    0.0024231763
  246    0.0069725225   -0.0102986809    0.0008189406    0.0122017584
  247   -0.0009252593    0.0000318990   -0.0000471447   -0.0016016715
  248    0.0000079738    0.0000352889    0.0002358249   -0.0007259069
  249    0.0010154649   -0.0015206037    0.0000361249    0.0013296749
  250   -0.0016914333    0.0017042032    0.0001102763   -0.0019129114
  251   -0.0009907894    0.0016084906   -0.0006692261   -0.0010736450
  252   -0.0008711353    0.0002111370   -0.0000500476    0.0003725091
  253   -0.0079482348    0.0117224647   -0.0034439912   -0.0008345907
  254    0.0014333468   -0.0042051076   -0.0001144269    0.0039016367
  255   -0.0016803105    0.0035609789   -0.0030872153   -0.0029515739
  256   -0.0009878985   -0.0003307196    0.0014241066    0.0016021305
  257    0.0019311982   -0.0025821449    0.0000123857    0.0029887537
  258   -0.0004265818    0.0004681525    0.0001230425   -0.0005568828
  259   -0.0076432952    0.0076171754    0.0001264876   -0.0069522429
  260   -0.0015642449    0.0016319910    0.0001168917   -0.0012438126
  261    0.0018614261   -0.0009131301   -0.0001964646    0.0002430802
  262   -0.0152427578    0.0235169771   -0.0004834927   -0.0295597848
  263   -0.0166769323    0.0220876118   -0.0012793362   -0.0242750371
  264    0.0045566493   -0.0078479463   -0.0027552076    0.0044289328
  265   -0.0065709965    0.0129874961    0.0010683710   -0.0066968112
  266   -0.0002996330    0.0004778932   -0.0000903859   -0.0006389040
  267   -0.0001736454    0.0002622129    0.0001507484   -0.0000638530
  268    0.0015917231   -0.0011316842    0.0000243956    0.0008277840
  269    0.0013365313   -0.0020033654    0.0000282041    0.0025998982
  270   -0.0002547477    0.0001570197    0.0000281573   -0.0003085835
  271    0.0043712176   -0.0066430067   -0.0007492482    0.0059420322
  272    0.0050516209   -0.0058530631   -0.0001706774    0.0045033854
  273    0.0033263118   -0.0064973032   -0.0007931831    0.0085881268
  274    0.0003060080   -0.0014304276   -0.0000954676    0.0000986970
  275    0.0014119609   -0.0026673011   -0.0005345686    0.0027959889
  276   -0.0009358990    0.0021089934   -0.0002215204   -0.0029528562
  277   -0.0013663151    0.0024589002    0.0001586689   -0.0024167858
  278   -0.0067298810    0.0066922320    0.0010538294   -0.0040283409
  279   -0.0000813807   -0.0011130573    0.0000068512    0.0014358641
  280   -0.0090536860    0.0170351294    0.0081296155   -0.0176184783
  281    0.0000717773   -0.0005294753    0.0017020768    0.0063400412
  282   -0.0155851185    0.0193555280    0.0070340298   -0.0071620194
  283   -0.0034902941    0.0039177522    0.0014998224   -0.0029269728
  284   -0.0055810505    0.0071825876    0.0000690755   -0.0071304404
  285    0.0015044081   -0.0014747370    0.0001134136    0.0016267425
  286   -0.0008659077    0.0010799449   -0.0003211213   -0.0007020122
  287    0.0085692527   -0.0083407742   -0.0001501217    0.0063503463
  288    0.0191420183   -0.0165974364    0.0002113065    0.0134672166
  289    0.0437796064   -0.0654865113   -0.0014042679    0.0695996994
  290   -0.0020511185    0.0034321035    0.0009507235   -0.0020465806
  291   -0.0019740075    0.0098826889   -0.0016607054   -0.0130146673
  292    0.0409001021   -0.0485661921    0.0006984964    0.0418657259
  293   -0.0022958535    0.0031082121   -0.0006677089   -0.0018625368
  294    0.0011698931   -0.0016488684   -0.0003137040    0.0020405037
  295   -0.0024142149    0.0024647863    0.0001153360   -0.0015241221
  296    0.0096101174   -0.0080927889    0.0012617820    0.0031276249
  297    0.0017217983   -0.0029544308    0.0003008183    0.0019913754
  298    0.0215774510   -0.0313406442    0.0102126432    0.0155653452
  299   -0.0067862652    0.0093017915   -0.0019901937   -0.0046169689
  300    0.0118325670   -0.0097824692    0.0061672054   -0.0019823588
  301   -0.0037076265    0.0037073770   -0.0001834749   -0.0048554111
  302    0.0017804537   -0.0024292185   -0.0001601702    0.0026515948
  303   -0.0009388870    0.0009317606    0.0000636561   -0.0007566564
  304    0.0020525874   -0.0022095902   -0.0000453171    0.0020191890
  305   -0.0073568327    0.0082906438    0.0001334875   -0.0077778352
  306   -0.0051598121    0.0035414176   -0.0000063359   -0.0020731238
  307   -0.0148794609    0.0245150129    0.0006430179   -0.0290236493
  308    0.0035942592   -0.0048919313   -0.0002385844    0.0049529525
  309   -0.0107929614    0.0169465921    0.0002370315   -0.0207590804
  310   -0.0077400653    0.0052100991   -0.0000423776   -0.0017282686
  311    0.0002924520   -0.0001144528   -0.0000820001    0.0006621456
  312   -0.0002841579    0.0000335228    0.0000835977   -0.0000641087
  313   -0.0056304499    0.0016368821   -0.0001731044   -0.0573009708
  314   -0.0032912850    0.0006141687    0.0000173895   -0.0100406914
  315   -0.0332623143    0.0268475341   -0.0002618838   -0.1401369755
  316   -0.0007244067    0.0072947579    0.0031681894   -0.0052457907
  317   -0.0066075197    0.0042815863    0.0002320923   -0.0959320924
  318   -0.0003369838    0.0189497636    0.0016396432   -0.0046390269
  319   -0.0506532342    0.0251483441   -0.0005993504   -0.2822966629
  320   -0.0005183961   -0.0004547925    0.0000463804    0.0004063891
  321    0.0004970566    0.0003578522   -0.0000263836    0.0001682035
  322    0.0004647278    0.0012012234   -0.0002680746    0.0326926662
  323   -0.0071236559   -0.0068221962   -0.0001362363    0.0069937343
  324   -0.0957366097   -0.0967635558    0.0006647941    0.1097058774
  325   -0.0002892142   -0.0085373068   -0.0000608087   -0.0148028218
  326    0.0014589267    0.0011257320   -0.0004882546    0.0552740041
  327   -0.0072472245    0.0034051657    0.0039470269    0.0243954804
  328   -0.1247494281   -0.1481260919    0.0003884127    0.2094348840
  329    0.0000404430    0.0002800537   -0.0000574345   -0.0007195806
  330   -0.0001760571   -0.0002170256   -0.0001415111    0.0007563473
  331    0.0058746793   -0.0082398632    0.0002196694    0.0738617892
  332    0.0023160012    0.0002235411   -0.0002014920    0.0104350410
  333    0.0238991994   -0.0093584405    0.0003682169    0.1536680423
  334    0.0004578501   -0.0053817841    0.0026062494    0.0021694340
  335    0.0092742716   -0.0089189129   -0.0002083200    0.1514491085
  336    0.0033569173    0.0045384339    0.0052175606    0.0251004351
  337    0.0364844946   -0.0210230629    0.0007144649    0.3039416827
  338   -0.0028412585   -0.0035644594   -0.0001774028    0.0017928324
  339    0.0025187965    0.0028480279    0.0000830338   -0.0020014948
  340    0.0196322189    0.0214841294   -0.0005323873   -0.0609968884
  341   -0.0043460795   -0.0043045192   -0.0002393325   -0.0065339591
  342    0.0291360707    0.0323054606   -0.0002574795   -0.1216170310
  343    0.0177839582    0.0292713445    0.0009903312   -0.0100043289
  344    0.0209578649    0.0289766473   -0.0062317751   -0.1204867357
  345    0.0037849872    0.0049229893   -0.0019490395   -0.0228827522
  346    0.0409429842    0.0554145100    0.0018324686   -0.2448997584
  347    0.0011032144    0.0014339648   -0.0000129166   -0.0006616809
  348   -0.0009005456   -0.0009911129   -0.0000793159    0.0003842839
  349   -0.0050379702    0.0009074062   -0.0000794713   -0.0250362916
  350    0.0030170854    0.0041482940    0.0000927765   -0.0053838037
  351   -0.0087773238    0.0028181690    0.0000587120   -0.0525029205
  352   -0.0088309787   -0.0130267373    0.0017170591    0.0080913752
  353   -0.0051492577    0.0044381228    0.0022690230   -0.0543250618
  354    0.0074838644    0.0118712823   -0.0000328396   -0.0142209133
  355   -0.0117352599    0.0069543493   -0.0009455909   -0.1125498534
  356   -0.0000092697    0.0000052153   -0.0000362850   -0.0000218198
  357    0.0000106937    0.0000148352    0.0001503880    0.0000510873
  358   -0.0162465034   -0.0177110921    0.0001637819    0.0839271798
  359   -0.0023450991   -0.0025391612   -0.0000320811    0.0119123834
  360   -0.0341407216   -0.0368469606    0.0004541534    0.1753567112
  361   -0.0002541382   -0.0004328150   -0.0021239933   -0.0003666909
  362   -0.0208457832   -0.0270874991    0.0006093461    0.1619230597
  363   -0.0032529858   -0.0037713489    0.0012990108    0.0232480404
  364   -0.0497399215   -0.0641211121    0.0006155339    0.3425935247
  365   -0.0010379820   -0.0013733380   -0.0000027851    0.0008448603
  366    0.0007927165    0.0008866121   -0.0000657171   -0.0005572689
  367   -0.0049406553    0.0011380383   -0.0001193181   -0.0325378547
  368   -0.0041179238   -0.0035811457    0.0000753945   -0.0028756409
  369   -0.0088392390    0.0029561683   -0.0003230131   -0.0676338429
  370    0.0087361631    0.0144701310    0.0012927830   -0.0094938950
  371   -0.0050723891    0.0049616840   -0.0017843855   -0.0755211243
  372   -0.0090030900   -0.0112057627   -0.0004210412   -0.0044052150
  373   -0.0107406795    0.0089796179    0.0000410899   -0.1530488904
  374    0.0027555980    0.0034758829   -0.0001485895   -0.0015478396
  375   -0.0024742436   -0.0025705353    0.0001622883    0.0013876484
  376    0.0189143434    0.0204264328   -0.0000232471   -0.0506169060
  377    0.0089039218    0.0094285150   -0.0002169133   -0.0107986836
  378    0.0274567356    0.0305265817   -0.0001544863   -0.1004039838
  379   -0.0172554684   -0.0307766051   -0.0000381419    0.0111079686
  380    0.0219666496    0.0312511733    0.0034333484   -0.0972651055
  381    0.0018529552    0.0012108746   -0.0013818716   -0.0105753839
  382    0.0391193300    0.0523461432   -0.0018059088   -0.2002693829
  383    0.0000033751    0.0000181881    0.0000367944   -0.0000370117
  384   -0.0000276287   -0.0000202032   -0.0000292819    0.0000438130
  385    0.0035653004    0.0021278407   -0.0000056523   -0.0012423073
  386    0.0004748592    0.0002897436    0.0001135087   -0.0003301331
  387    0.0064368654    0.0034295926   -0.0000075043   -0.0020037869
  388    0.0000951632   -0.0002340047   -0.0005133918    0.0001655149
  389    0.0034766485    0.0003095228   -0.0000439758    0.0202085409
  390    0.0004560886    0.0001223245    0.0003278497    0.0025089119
  391    0.0064367221   -0.0001039746    0.0001860607    0.0425459382
  392   -0.0000836869   -0.0000327200   -0.0000778041    0.0000683067
  393   -0.0003578478    0.0000571578   -0.0000247084    0.0002188610
  394   -0.0000209885   -0.0000133730   -0.0000592865    0.0000335764
  395    0.0000028910   -0.0000011284   -0.0002067403   -0.0000652512
  396    0.0000273039   -0.0000055095    0.0000668837    0.0000932686
  397    0.0000834918   -0.0000725503    0.0001949524    0.0003023586
  398   -0.0001210267   -0.0000093339    0.0000642359   -0.0005789467
  399   -0.0000687787   -0.0002480255   -0.0002984305   -0.0009765661
  400    0.0001750392   -0.0000133792   -0.0000076882    0.0014274603
  401    0.0004439345    0.0004315373   -0.0023786202    0.0045356101
  402   -0.0002694145    0.0004572749    0.0001297699   -0.0016873970
  403   -0.0009521139   -0.0013401073   -0.0006572318    0.0072206582
  404   -0.0000900663    0.0000755856    0.0000467647   -0.0013076356
  405   -0.0008632363    0.0009391130    0.0007110023   -0.0053445544
  406   -0.0000183254    0.0001202627    0.0001246626    0.0015025711
  407    0.0007001174    0.0027439229   -0.0005709398   -0.0065784460
  408   -0.0000645534   -0.0000347158   -0.0000099553    0.0005900236
  409   -0.0000372749   -0.0004835441    0.0009616435    0.0004941205
  410    0.0000110344    0.0000025845   -0.0000505607    0.0000014814
  411   -0.0000059892   -0.0000846716   -0.0001388796   -0.0003000078
  412   -0.0000159997   -0.0000297145    0.0001171449   -0.0001191575
  413    0.0000292256   -0.0000291736    0.0004218602   -0.0000827678
  414   -0.0000567677   -0.0000287412    0.0000324398   -0.0001776691
  415   -0.0001660472    0.0001462114    0.0000491736    0.0001480792
  416   -0.0005201815    0.0024376110   -0.0000777166   -0.0036559844
  417    0.0024153477    0.0002670500    0.0007829021   -0.0015004432
  418   -0.0001645545    0.0004396470   -0.0000774334   -0.0004032308
  419    0.0000284413    0.0005900229    0.0002505826   -0.0016921783
  420    0.0010455635   -0.0014090349    0.0001060109    0.0014487960
  421   -0.0013726985    0.0022396877    0.0001066984    0.0009234410
  422   -0.0027141280    0.0022473643   -0.0001098225   -0.0017731001
  423   -0.0061424880    0.0083540246   -0.0000694747   -0.0100222670
  424    0.0011136431   -0.0010427810    0.0001625203    0.0006779499
  425    0.0019553562   -0.0025213141    0.0013671281    0.0006642123
  426   -0.0019766965    0.0019121399   -0.0000117146   -0.0020863733
  427   -0.0054024850    0.0078830459   -0.0006157701   -0.0111163557
  428    0.0008145602   -0.0012272517   -0.0002154294    0.0019252010
  429    0.0049131867   -0.0069750298    0.0049889236    0.0017430706
  430    0.0008288279   -0.0008948674    0.0001024816    0.0012130003
  431   -0.0025700534    0.0047391207   -0.0002031124   -0.0023244798
  432    0.0007359201   -0.0008612890    0.0001150469    0.0010899360
  433   -0.0000874061    0.0002568216   -0.0000003157    0.0019340005
  434    0.0003465529   -0.0001326138   -0.0001279154    0.0001250450
  435    0.0023054240   -0.0039509617   -0.0005979520    0.0033152110
  436   -0.0020439823    0.0019874763    0.0000799558   -0.0018839212
  437   -0.0027185566    0.0028379634   -0.0000820656   -0.0031851733
  438    0.0016334622   -0.0010913748   -0.0002412471   -0.0000030567
  439   -0.0007606114    0.0032862451   -0.0012730925   -0.0024351148
  440    0.0009584341   -0.0021319828    0.0000019444    0.0026778007
  441    0.0016867701   -0.0068700075   -0.0000888272    0.0148469478
  442   -0.0040985879    0.0039777345    0.0007365895   -0.0023127430
  443    0.0118133145   -0.0173426226   -0.0121827657    0.0032083719
  444   -0.0010303915   -0.0007208061    0.0001077875    0.0015543383
  445   -0.0004347682   -0.0046303953    0.0002717164    0.0029773600
  446   -0.0016914552    0.0007225128    0.0002285317   -0.0003826743
  447   -0.0035878384    0.0024477012   -0.0006917578   -0.0018999406
  448    0.0040795739   -0.0026579841    0.0009502897    0.0000335112
  449   -0.0070448223    0.0080225279   -0.0118928918    0.0093866302
  450   -0.0009617342    0.0018876924   -0.0002903957   -0.0010982725
  451   -0.0029200485    0.0076046245   -0.0016744813   -0.0074078283
  452   -0.0005762084    0.0004823611    0.0000514585   -0.0006943074
  453    0.0000493628   -0.0012026847    0.0003810200    0.0008982306
  454    0.0055987820   -0.0046174530    0.0000779141    0.0035476737
  455    0.0110387294   -0.0135042892   -0.0000857487    0.0147165976
  456   -0.0017638342    0.0016988249   -0.0001754521   -0.0013836879
  457   -0.0005951956   -0.0001682173   -0.0006330064   -0.0000452180
  458    0.0014152050    0.0019171660    0.0001953529   -0.0008623095
  459   -0.0048662571   -0.0072513998   -0.0069245326   -0.0018557443
  460    0.0014324517    0.0013350125   -0.0000022555   -0.0004064772
  461    0.0026947194    0.0035962641    0.0005844206   -0.0017118179
  462   -0.0014579276   -0.0013361481    0.0000346495    0.0008976398
  463   -0.0024556064   -0.0033369159    0.0005374033    0.0035209354
  464   -0.0011510769   -0.0017597458    0.0000631489    0.0011123378
  465    0.0037646296    0.0053039385   -0.0038708113   -0.0010468607
  466   -0.0003441221   -0.0004167721    0.0000046675    0.0002167133
  467   -0.0005363369   -0.0005994318   -0.0000779789    0.0002120960
  468   -0.0081517270   -0.0080892781    0.0001099711    0.0397909886
  469   -0.0135611899   -0.0199515651    0.0004758733    0.1430729540
  470    0.0085448848    0.0085783523   -0.0000869553   -0.0400742815
  471    0.0140622281    0.0206658066   -0.0003052966   -0.1437176325

