==========================================================================================================================
================================================== Coupled-Cluster MATLAB ================================================
==========================================================================================================================

Repository online: <https://github.com/kgururangan/Quantum-Chemistry.git>
Author: Karthik Gururangan (gururang@msu.edu)


Onebody file: /Users/karthik/Desktop/CC_matlab_tests/h2o-631g/onebody.inp
Twobody file: /Users/karthik/Desktop/CC_matlab_tests/h2o-631g/twobody.inp
Loading integrals... completed!

Project Name: h2o-631g
---------------------------------
Working directory: /Users/karthik/Dropbox/Hartree Fock/hartree_fock/v4/CC_matlab

System Information:
---------------------
   Number of electrons = 10
   Number of spatial orbitals = 13
   Number of frozen core spatial orbitals = 0
   Number of frozen virtual spatial orbitals = 0
   Number of occupied orbitals (alpha) = 5
   Number of occupied orbitals (beta) = 5
   Number of unoccupied orbitals (alpha) = 8
   Number of unoccupied orbitals (beta) = 8
   Number of active occupied spatial orbitals = 10000
   Number of active unoccupied spatial orbitals = 10000

Calculation Type = EOMCCSD + Left-CC


Molecular Orbital Basis
------------------------
	Nuclear Repulsion Energy = 11.866801770206 Ha
	Reference Energy = -75.829073581062 Ha

	MO Index     Energy (Ha)      Occupied
	----------------------------------------
	1	    -20.51500283         *
	2	    -1.49240763         *
	3	    -0.87896402         *
	4	    -0.57457809         *
	5	    -0.51883660         *
	6	    0.24807967         
	7	    0.33824574         
	8	    1.14431245         
	9	    1.16123943         
	10	    1.17702934         
	11	    1.53978704         
	12	    1.63632203         
	13	    1.71766364         

Calculation started on Sunday, July 5, 2020 5:23 PM (05-Jul-2020 17:23:36) 

==================================++Entering CCSD Routine++=================================

Iter-0     Residuum = 0.002061583710      Ecorr = 0.000000000000      Elapsed Time = 0.25 s
Iter-1     Residuum = 0.000257514037      Ecorr = -0.109090685669      Elapsed Time = 0.05 s
Iter-2     Residuum = 0.000080077487      Ecorr = -0.113093737395      Elapsed Time = 0.06 s
Iter-3     Residuum = 0.000028988260      Ecorr = -0.114608171320      Elapsed Time = 0.04 s
Iter-4     Residuum = 0.000011001323      Ecorr = -0.115071216547      Elapsed Time = 0.08 s
Iter-5     Residuum = 0.000004266104      Ecorr = -0.115226784998      Elapsed Time = 0.03 s
Iter-6     Residuum = 0.000001673225      Ecorr = -0.115281694014      Elapsed Time = 0.23 s
Iter-7     Residuum = 0.000000019195      Ecorr = -0.115313866344      Elapsed Time = 0.09 s
CCSD successfully converged in 8 iterations (0.89 seconds)
Total Energy = -75.944387521524 Ha     Ecorr = -0.115313940463 Ha

==============================================
Building HBar... completed in 0.46 seconds
==============================================

==================================++Entering EOM-CCSD Routine++=============================
Initial CIS energies:
      E1 = 0.40130304
      E2 = 0.40130304
      E3 = 0.40130304
      E4 = 0.43028841
      E5 = 0.47125597
      E6 = 0.47125597
      E7 = 0.47125597
      E8 = 0.49668823
Beginning Davidson diagonlization algorithm...

Iter-0    Subspace size - 8
-------------------------------------------------------
   Root - 1     e = 0.4400178276     |r| = 0.7609795840
   Root - 2     e = 0.4400178276     |r| = 0.7609795840
   Root - 3     e = 0.4400178276     |r| = 0.7609795840
   Root - 4     e = 0.4699992953     |r| = 0.7868593476
   Root - 5     e = 0.5113286742     |r| = 0.7729255850
   Root - 6     e = 0.5113286742     |r| = 0.7729255850
   Root - 7     e = 0.5113286742     |r| = 0.7729255850
   Root - 8     e = 0.5373233504     |r| = 0.8044034306

Iter-1    Subspace size - 16
-------------------------------------------------------
   Root - 1     e = 0.3672538947     |r| = 0.0872890042
   Root - 2     e = 0.3672538947     |r| = 0.0872890042
   Root - 3     e = 0.3672538947     |r| = 0.0872890042
   Root - 4     e = 0.3906931429     |r| = 0.0964738119
   Root - 5     e = 0.4365245959     |r| = 0.0877892823
   Root - 6     e = 0.4365245959     |r| = 0.0877892823
   Root - 7     e = 0.4365245959     |r| = 0.0877892823
   Root - 8     e = 0.4550614667     |r| = 0.0982897766

Iter-2    Subspace size - 24
-------------------------------------------------------
   Root - 1     e = 0.3661159873     |r| = 0.0219004909
   Root - 2     e = 0.3661159873     |r| = 0.0219004909
   Root - 3     e = 0.3661159873     |r| = 0.0219004909
   Root - 4     e = 0.3893876064     |r| = 0.0254466209
   Root - 5     e = 0.4353507861     |r| = 0.0237747776
   Root - 6     e = 0.4353507861     |r| = 0.0237747776
   Root - 7     e = 0.4353507861     |r| = 0.0237747776
   Root - 8     e = 0.4537470786     |r| = 0.0266036268

Iter-3    Subspace size - 32
-------------------------------------------------------
   Root - 1     e = 0.3661059045     |r| = 0.0053016127
   Root - 2     e = 0.3661059045     |r| = 0.0053016127
   Root - 3     e = 0.3661059045     |r| = 0.0053016127
   Root - 4     e = 0.3894185352     |r| = 0.0054604940
   Root - 5     e = 0.4353252943     |r| = 0.0060446700
   Root - 6     e = 0.4353252943     |r| = 0.0060446700
   Root - 7     e = 0.4353252943     |r| = 0.0060446700
   Root - 8     e = 0.4537566567     |r| = 0.0056687204

Iter-4    Subspace size - 40
-------------------------------------------------------
   Root - 1     e = 0.3661128517     |r| = 0.0011849573
   Root - 2     e = 0.3661128517     |r| = 0.0011849573
   Root - 3     e = 0.3661128517     |r| = 0.0011849573
   Root - 4     e = 0.3894256026     |r| = 0.0010437250
   Root - 5     e = 0.4353151457     |r| = 0.0017938082
   Root - 6     e = 0.4353151457     |r| = 0.0017938082
   Root - 7     e = 0.4353151457     |r| = 0.0017938082
   Root - 8     e = 0.4537664502     |r| = 0.0012271690

Restarting and collapsing...

Iter-5    Subspace size - 8
-------------------------------------------------------
   Root - 1     e = 0.3661128517     |r| = 0.0011849573
   Root - 2     e = 0.3661128517     |r| = 0.0011849573
   Root - 3     e = 0.3661128517     |r| = 0.0011849573
   Root - 4     e = 0.3894256026     |r| = 0.0010437250
   Root - 5     e = 0.4353151457     |r| = 0.0017938082
   Root - 6     e = 0.4353151457     |r| = 0.0017938082
   Root - 7     e = 0.4353151457     |r| = 0.0017938082
   Root - 8     e = 0.4537664502     |r| = 0.0012271690

Iter-6    Subspace size - 16
-------------------------------------------------------
   Root - 1     e = 0.3661184930     |r| = 0.0004032569
   Root - 2     e = 0.3661184930     |r| = 0.0004032569
   Root - 3     e = 0.3661184930     |r| = 0.0004032569
   Root - 4     e = 0.3894273737     |r| = 0.0002651996
   Root - 5     e = 0.4353137981     |r| = 0.0009404391
   Root - 6     e = 0.4353137981     |r| = 0.0009404391
   Root - 7     e = 0.4353137981     |r| = 0.0009404391
   Root - 8     e = 0.4537681236     |r| = 0.0002949092

Iter-7    Subspace size - 24
-------------------------------------------------------
   Root - 1     e = 0.3661130654     |r| = 0.0000493580
   Root - 2     e = 0.3661130654     |r| = 0.0000493580
   Root - 3     e = 0.3661130654     |r| = 0.0000493580
   Root - 4     e = 0.3894262365     |r| = 0.0000338866
   Root - 5     e = 0.4353097141     |r| = 0.0002202966
   Root - 6     e = 0.4353097141     |r| = 0.0002202966
   Root - 7     e = 0.4353097141     |r| = 0.0002202966
   Root - 8     e = 0.4537663656     |r| = 0.0000716964

Iter-8    Subspace size - 32
-------------------------------------------------------
   Root - 1     e = 0.3661159939     |r| = 0.0000091380
   Root - 2     e = 0.3661159939     |r| = 0.0000091380
   Root - 3     e = 0.3661159939     |r| = 0.0000091380
   Root - 4     e = 0.3894271416     |r| = 0.0000067570
   Root - 5     e = 0.4353131822     |r| = 0.0000464052
   Root - 6     e = 0.4353131822     |r| = 0.0000464052
   Root - 7     e = 0.4353131822     |r| = 0.0000464052
   Root - 8     e = 0.4537678522     |r| = 0.0000183008

Iter-9    Subspace size - 40
-------------------------------------------------------
   Root - 1     e = 0.3661147925     |r| = 0.0000041082
   Root - 2     e = 0.3661147925     |r| = 0.0000041082
   Root - 3     e = 0.3661147925     |r| = 0.0000041082
   Root - 4     e = 0.3894265218     |r| = 0.0000014719
   Root - 5     e = 0.4353106864     |r| = 0.0000089489
   Root - 6     e = 0.4353106864     |r| = 0.0000089489
   Root - 7     e = 0.4353106864     |r| = 0.0000089489
   Root - 8     e = 0.4537668290     |r| = 0.0000037538

Restarting and collapsing...

Iter-10    Subspace size - 8
-------------------------------------------------------
   Root - 1     e = 0.3661147925     |r| = 0.0000041082
   Root - 2     e = 0.3661147925     |r| = 0.0000041082
   Root - 3     e = 0.3661147925     |r| = 0.0000041082
   Root - 4     e = 0.3894265218     |r| = 0.0000014719
   Root - 5     e = 0.4353106864     |r| = 0.0000089489
   Root - 6     e = 0.4353106864     |r| = 0.0000089489
   Root - 7     e = 0.4353106864     |r| = 0.0000089489
   Root - 8     e = 0.4537668290     |r| = 0.0000037538

Iter-11    Subspace size - 16
-------------------------------------------------------
   Root - 1     e = 0.3661151015     |r| = 0.0000007909
   Root - 2     e = 0.3661151015     |r| = 0.0000007909
   Root - 3     e = 0.3661151015     |r| = 0.0000007909
   Root - 4     e = 0.3894268383     |r| = 0.0000005311
   Root - 5     e = 0.4353125410     |r| = 0.0000028152
   Root - 6     e = 0.4353125410     |r| = 0.0000028152
   Root - 7     e = 0.4353125410     |r| = 0.0000028152
   Root - 8     e = 0.4537676043     |r| = 0.0000013270

Iter-12    Subspace size - 24
-------------------------------------------------------
   Root - 1     e = 0.3661150187     |r| = 0.0000004055
   Root - 2     e = 0.3661150187     |r| = 0.0000004055
   Root - 3     e = 0.3661150187     |r| = 0.0000004055
   Root - 4     e = 0.3894267917     |r| = 0.0000001587
   Root - 5     e = 0.4353123533     |r| = 0.0000011376
   Root - 6     e = 0.4353123533     |r| = 0.0000011376
   Root - 7     e = 0.4353123533     |r| = 0.0000011376
   Root - 8     e = 0.4537674551     |r| = 0.0000005007

Iter-13    Subspace size - 32
-------------------------------------------------------
   Root - 1     e = 0.3661150395     |r| = 0.0000000921
   Root - 2     e = 0.3661150395     |r| = 0.0000000921
   Root - 3     e = 0.3661150395     |r| = 0.0000000921
   Root - 4     e = 0.3894267951     |r| = 0.0000000285
   Root - 5     e = 0.4353123721     |r| = 0.0000002417
   Root - 6     e = 0.4353123721     |r| = 0.0000002417
   Root - 7     e = 0.4353123721     |r| = 0.0000002417
   Root - 8     e = 0.4537674657     |r| = 0.0000001059

Davidson successfully converged in 13 iterations (29.99 seconds)

==================================++Entering Left-CCSD Routine++=============================

Iter-0     Residuum = 0.004638255776      Ecorr = -0.102197608957      Elapsed Time = 0.25 s
Iter-1     Residuum = 0.001045760000      Ecorr = -0.112350224688      Elapsed Time = 0.16 s
Iter-2     Residuum = 0.000389930962      Ecorr = -0.114208437013      Elapsed Time = 0.17 s
Iter-3     Residuum = 0.000150266450      Ecorr = -0.114887857411      Elapsed Time = 0.16 s
Iter-4     Residuum = 0.000020798681      Ecorr = -0.115254961351      Elapsed Time = 0.16 s
Iter-5     Residuum = 0.000005802975      Ecorr = -0.115297484830      Elapsed Time = 0.16 s
Iter-6     Residuum = 0.000001635631      Ecorr = -0.115309302270      Elapsed Time = 0.16 s
Iter-7     Residuum = 0.000000321112      Ecorr = -0.115313029877      Elapsed Time = 0.19 s
Iter-8     Residuum = 0.000000084305      Ecorr = -0.115313701398      Elapsed Time = 0.15 s
Iter-9     Residuum = 0.000000020471      Ecorr = -0.115313882411      Elapsed Time = 0.15 s
Left-CCSD successfully converged in 10 iterations (1.87 seconds)

==================================++Entering Left-EOM-CCSD Routine++===========================

Iter-0:
-------------------------------------------------------
   Root - 1     e = 0.2523288699     |r| = 0.0148314202
   Root - 2     e = 0.2523288699     |r| = 0.0148314202
   Root - 3     e = 0.2523288699     |r| = 0.0148314202
   Root - 4     e = 0.2766229323     |r| = 0.0165221377
   Root - 5     e = 0.3220695640     |r| = 0.0160823250
   Root - 6     e = 0.3220695640     |r| = 0.0160823250
   Root - 7     e = 0.3220695640     |r| = 0.0160823250
   Root - 8     e = 0.3415826324     |r| = 0.0179614116

Iter-1:
-------------------------------------------------------
   Root - 1     e = 0.2504062233     |r| = 0.0046298632
   Root - 2     e = 0.2504062233     |r| = 0.0046656795
   Root - 3     e = 0.2504062233     |r| = 0.0046651851
   Root - 4     e = 0.2738566014     |r| = 0.0056605397
   Root - 5     e = 0.3195467814     |r| = 0.0054844636
   Root - 6     e = 0.3195467814     |r| = 0.0054775726
   Root - 7     e = 0.3195467814     |r| = 0.0050298667
   Root - 8     e = 0.3380440995     |r| = 0.0058594406

Iter-2:
-------------------------------------------------------
   Root - 1     e = 0.2507376992     |r| = 0.0018111152
   Root - 2     e = 0.2507376992     |r| = 0.0018251259
   Root - 3     e = 0.2507376992     |r| = 0.0018249325
   Root - 4     e = 0.2741398182     |r| = 0.0022924046
   Root - 5     e = 0.3199524453     |r| = 0.0021003811
   Root - 6     e = 0.3199524453     |r| = 0.0020977421
   Root - 7     e = 0.3199524453     |r| = 0.0019262844
   Root - 8     e = 0.3384906597     |r| = 0.0022617882

Iter-3:
-------------------------------------------------------
   Root - 1     e = 0.2507752608     |r| = 0.0008016846
   Root - 2     e = 0.2507752608     |r| = 0.0008078864
   Root - 3     e = 0.2507752608     |r| = 0.0008078007
   Root - 4     e = 0.2741193783     |r| = 0.0010162417
   Root - 5     e = 0.3199720771     |r| = 0.0009332422
   Root - 6     e = 0.3199720771     |r| = 0.0009320696
   Root - 7     e = 0.3199720771     |r| = 0.0008558875
   Root - 8     e = 0.3384504100     |r| = 0.0009972440

Iter-4:
-------------------------------------------------------
   Root - 1     e = 0.2508074658     |r| = 0.0000709804
   Root - 2     e = 0.2508074658     |r| = 0.0000715295
   Root - 3     e = 0.2508074658     |r| = 0.0000715219
   Root - 4     e = 0.2741197269     |r| = 0.0000757559
   Root - 5     e = 0.3200039018     |r| = 0.0001069557
   Root - 6     e = 0.3200039018     |r| = 0.0001068213
   Root - 7     e = 0.3200039018     |r| = 0.0000980903
   Root - 8     e = 0.3384601270     |r| = 0.0000919600

Iter-5:
-------------------------------------------------------
   Root - 1     e = 0.2508012363     |r| = 0.0000145683
   Root - 2     e = 0.2508012363     |r| = 0.0000146809
   Root - 3     e = 0.2508012363     |r| = 0.0000146794
   Root - 4     e = 0.2741128175     |r| = 0.0000156801
   Root - 5     e = 0.3199979659     |r| = 0.0000326491
   Root - 6     e = 0.3199979659     |r| = 0.0000326081
   Root - 7     e = 0.3199979659     |r| = 0.0000299429
   Root - 8     e = 0.3384539647     |r| = 0.0000292977

Iter-6:
-------------------------------------------------------
   Root - 1     e = 0.2508012624     |r| = 0.0000035154
   Root - 2     e = 0.2508012624     |r| = 0.0000035426
   Root - 3     e = 0.2508012624     |r| = 0.0000035422
   Root - 4     e = 0.2741130484     |r| = 0.0000030051
   Root - 5     e = 0.3199984722     |r| = 0.0000108151
   Root - 6     e = 0.3199984722     |r| = 0.0000108015
   Root - 7     e = 0.3199984722     |r| = 0.0000099187
   Root - 8     e = 0.3384538765     |r| = 0.0000047664

Iter-7:
-------------------------------------------------------
   Root - 1     e = 0.2508011027     |r| = 0.0000008367
   Root - 2     e = 0.2508011027     |r| = 0.0000008431
   Root - 3     e = 0.2508011027     |r| = 0.0000008431
   Root - 4     e = 0.2741128430     |r| = 0.0000008596
   Root - 5     e = 0.3199982820     |r| = 0.0000045457
   Root - 6     e = 0.3199982820     |r| = 0.0000045400
   Root - 7     e = 0.3199982820     |r| = 0.0000041689
   Root - 8     e = 0.3384534950     |r| = 0.0000014007

Iter-8:
-------------------------------------------------------
   Root - 1     e = 0.2508011027     |r| = 0.0000008367
   Root - 2     e = 0.2508011027     |r| = 0.0000008431
   Root - 3     e = 0.2508011027     |r| = 0.0000008431
   Root - 4     e = 0.2741128430     |r| = 0.0000008596
   Root - 5     e = 0.3199984317     |r| = 0.0000011858
   Root - 6     e = 0.3199984317     |r| = 0.0000011843
   Root - 7     e = 0.3199984317     |r| = 0.0000010875
   Root - 8     e = 0.3384535323     |r| = 0.0000004435

Iter-9:
-------------------------------------------------------
   Root - 1     e = 0.2508011027     |r| = 0.0000008367
   Root - 2     e = 0.2508011027     |r| = 0.0000008431
   Root - 3     e = 0.2508011027     |r| = 0.0000008431
   Root - 4     e = 0.2741128430     |r| = 0.0000008596
   Root - 5     e = 0.3199984165     |r| = 0.0000002514
   Root - 6     e = 0.3199984165     |r| = 0.0000002511
   Root - 7     e = 0.3199984165     |r| = 0.0000002306
   Root - 8     e = 0.3384535323     |r| = 0.0000004435

Left-EOMCCSD successfully converged in 10 iterations (12.06 seconds)
|LR - 1| = 0.000000000002

Calculation ended on Sunday, July 5, 2020 5:24 PM (05-Jul-2020 17:24:22) 
